interfaces      > implementor > error: no actions for 'setmapfile'

interfaces      > implementor > error: no actions for 'setmapfile'

open source     > 1 > 1 > /opt/context/tex/texmf-context/tex/context/base/mkiv/cont-yes.mkiv

ConTeXt  ver: 2016.04.01 13:01 MKIV beta  fmt: 2016.4.7  int: english/english

system          > 'cont-new.mkiv' loaded
open source     > 2 > 2 > /opt/context/tex/texmf-context/tex/context/base/mkiv/cont-new.mkiv
close source    > 2 > 2 > /opt/context/tex/texmf-context/tex/context/base/mkiv/cont-new.mkiv
system          > files > jobname 'p-guji', input './p-guji.mkvi', result 'p-guji'
fonts           > latin modern fonts are not preloaded
languages       > language 'en' is active
interface       > macros > processed mkvi file '/home/zhichu/project/Books/git/01-shiji/src/p-guji.mkvi', delta 30
interface       > macros > processed mkvi file '/home/zhichu/project/Books/git/01-shiji/src/p-guji.mkvi', delta 0
open source     > 2 > 3 > /home/zhichu/project/Books/git/01-shiji/src/p-guji.mkvi
loading         > ConTeXt Page Macros / GuJi
resolvers       > lua > loading file 'guji.lua' succeeded
close source    > 2 > 3 > /home/zhichu/project/Books/git/01-shiji/src/p-guji.mkvi
system          > invalid \starttext ... \stoptext structure
close source    > 1 > 3 > /opt/context/tex/texmf-context/tex/context/base/mkiv/cont-yes.mkiv

system          > structure > start used structure

used structure  > text: p-guji

system          > structure > stop used structure


system          > files > start used files

used file       >    1: filename=cont-yes.mkiv filetype=tex foundname=/opt/context/tex/texmf-context/tex/context/base/mkiv/cont-yes.mkiv usedmethod=otherwise
used file       >    2: filename=publ-imp-default.lua filetype=lua foundname=/opt/context/tex/texmf-context/tex/context/base/mkiv/publ-imp-default.lua usedmethod=otherwise
used file       >    3: filename=cont-new.mkiv filetype=tex foundname=/opt/context/tex/texmf-context/tex/context/base/mkiv/cont-new.mkiv usedmethod=otherwise
used file       >    4: filename=lang-us.lua filetype=lua foundname=/opt/context/tex/texmf-context/tex/context/patterns/mkiv/lang-us.lua usedmethod=otherwise
used file       >    5: filename=/home/zhichu/project/Books/git/01-shiji/src/p-guji.mkvi foundname=/home/zhichu/project/Books/git/01-shiji/src/p-guji.mkvi usedmethod=direct
used file       >    6: filename=guji.lua format=tex foundname=guji.lua usedmethod=direct
used file       >    7: filename=texgyre.lfg filetype=tex foundname=/opt/context/tex/texmf-context/tex/context/fonts/mkiv/texgyre.lfg usedmethod=otherwise
used file       >    8: filename=texgyretermes-regular.otf filetype=otf format=otf foundname=/opt/context/tex/texmf/fonts/opentype/public/tex-gyre/texgyretermes-regular.otf usedmethod=database
used file       >    9: filename=AdobeFangsongStd-Regular.otf filetype=otf format=otf foundname=/opt/context/tex/texmf-fonts/fonts/opentype/Adobe/AdobeFangsongStd-Regular.otf usedmethod=database
used file       >   10: filename=texgyretermes-math.otf filetype=otf format=otf foundname=/opt/context/tex/texmf/fonts/opentype/public/tex-gyre-math/texgyretermes-math.otf usedmethod=database

system          > files > stop used files


system          > options > start commandline options

used option     > currentrun="3"
used option     > engine="luajittex"
used option     > fulljobname="./p-guji.mkvi"
used option     > input="./p-guji.mkvi"
used option     > kindofrun="2"
used option     > maxnofruns="9"
used option     > no-parse-first-line="true"

system          > options > stop commandline options

system          > options > start commandline files

used file       >    1: ./p-guji.mkvi

system          > options > stop commandline files


mkiv lua stats  > used config file: selfautoparent:/texmf/web2c/texmfcnf.lua
mkiv lua stats  > used cache path: /opt/context/tex/texmf-cache/luatex-cache/context/5fe67e0bfe781ce0dde776fb1556f32e
mkiv lua stats  > resource resolver: loadtime 0.016 seconds, 0 scans with scantime 0.000 seconds, 0 shared scans, 10 found files, scanned paths: <none>
mkiv lua stats  > stored bytecode data: 385 modules (0.182 sec), 81 tables (0.008 sec), 466 chunks (0.190 sec)
mkiv lua stats  > traced context: maxstack: 1164, freed: 0, unreachable: 1164
mkiv lua stats  > cleaned up reserved nodes: 42 nodes, 10 lists of 449
mkiv lua stats  > node memory usage: 2 glue, 2 penalty, 10 attribute, 27 glue_spec, 2 attribute_list, 2 temp
mkiv lua stats  > node list callback tasks: 6 unique task lists, 4 instances (re)created, 12 calls
mkiv lua stats  > used backend: pdf (backend for directly generating pdf output)
mkiv lua stats  > jobdata time: 0.004 seconds saving, 0.001 seconds loading
mkiv lua stats  > callbacks: 258 direct, 1213 indirect, 1471 total
mkiv lua stats  > randomizer: resumed with value 0.88467833706239
mkiv lua stats  > loaded patterns: en::2, load time: 0.000
mkiv lua stats  > result saved in file: p-guji.pdf, compresslevel 9, objectcompresslevel 9
mkiv lua stats  > loaded fonts: 3 files: adobefangsongstd-regular.otf, texgyretermes-math.otf, texgyretermes-regular.otf
mkiv lua stats  > font engine: otf 3.016, afm 1.500, tfm 1.000, 5 instances, load time 0.556 seconds 
mkiv lua stats  > used platform: linux-64, type: unix, binary subtree: texmf-linux-64
mkiv lua stats  > luatex banner: this is luajittex, version beta-0.90.0 (tex live 2016)
mkiv lua stats  > control sequences: 44576 of 65536 + 100000
mkiv lua stats  > lua properties: engine: luajit, used memory: 71 MB (ctx: 0 MB), hash type: lua51, hash chars: min(64,40), symbol mask: utf (τεχ)
mkiv lua stats  > runtime: 0.856 seconds

