open source     > 1 > 1 > /opt/context/tex/texmf-context/tex/context/base/mkiv/cont-yes.mkiv

ConTeXt  ver: 2016.03.13 23:40 MKIV beta  fmt: 2016.3.15  int: english/english

system          > 'cont-new.mkiv' loaded
open source     > 2 > 2 > /opt/context/tex/texmf-context/tex/context/base/mkiv/cont-new.mkiv
close source    > 2 > 2 > /opt/context/tex/texmf-context/tex/context/base/mkiv/cont-new.mkiv
system          > files > jobname 'sample', input './sample.mkiv', result 'sample'
fonts           > latin modern fonts are not preloaded
languages       > language 'en' is active
open source     > 2 > 3 > /home/zhichu/project/Books/git/01-shiji/src/sample.mkiv
resolvers       > modules > 'guji' is loaded
interface       > macros > processed mkvi file 'p-guji.mkvi', delta 4
interface       > macros > processed mkvi file 'p-guji.mkvi', delta 0
open source     > 3 > 4 > p-guji.mkvi
loading         > ConTeXt Page Macros / GuJi
resolvers       > lua > loading file 'guji.lua' succeeded
close source    > 3 > 4 > p-guji.mkvi
structures      > begin of sectionblock '目錄'
structure       > sectioning > title @ level 2 : 0.0 -> \headtext {content}
structures      > end of sectionblock '目錄'
metapost        > initializing instance 'metafun' using format 'metafun'
metapost        > loading 'metafun' as '/opt/context/tex/texmf-context/metapost/context/base/mpiv/metafun.mpiv' using method 'default'
metapost        > initializing number mode 'scaled'
backend         > xmp > using file '/opt/context/tex/texmf-context/tex/context/base/mkiv/lpdf-pdx.xml'
pages           > flushing realpage 1, userpage 1
structures      > begin of sectionblock '本紀'
structure       > sectioning > chapter @ level 2 : 0.1 -> 五帝
open source     > 3 > 5 > Annals/Vol01/scroll000.tex
close source    > 3 > 5 > Annals/Vol01/scroll000.tex
open source     > 3 > 6 > Annals/Vol01/scroll001.tex
pages           > flushing realpage 2, userpage 2
pages           > flushing realpage 3, userpage 3
pages           > flushing realpage 4, userpage 4
pages           > flushing realpage 5, userpage 5
pages           > flushing realpage 6, userpage 6
pages           > flushing realpage 7, userpage 7
close source    > 3 > 6 > Annals/Vol01/scroll001.tex
open source     > 3 > 7 > Annals/Vol01/scroll002.tex
pages           > flushing realpage 8, userpage 8
close source    > 3 > 7 > Annals/Vol01/scroll002.tex
open source     > 3 > 8 > Annals/Vol01/scroll003.tex
pages           > flushing realpage 9, userpage 9
close source    > 3 > 8 > Annals/Vol01/scroll003.tex
pages           > flushing realpage 10, userpage 10
open source     > 3 > 9 > Annals/Vol01/scroll004.tex
pages           > flushing realpage 11, userpage 11
pages           > flushing realpage 12, userpage 12
pages           > flushing realpage 13, userpage 13
pages           > flushing realpage 14, userpage 14
pages           > flushing realpage 15, userpage 15
pages           > flushing realpage 16, userpage 16
pages           > flushing realpage 17, userpage 17
pages           > flushing realpage 18, userpage 18
pages           > flushing realpage 19, userpage 19
close source    > 3 > 9 > Annals/Vol01/scroll004.tex
pages           > flushing realpage 20, userpage 20
pages           > flushing realpage 21, userpage 21
structure       > sectioning > chapter @ level 2 : 0.2 -> 夏
pages           > flushing realpage 22, userpage 22
structure       > sectioning > chapter @ level 2 : 0.3 -> 殷
pages           > flushing realpage 23, userpage 23
structure       > sectioning > chapter @ level 2 : 0.4 -> 周
pages           > flushing realpage 24, userpage 24
structure       > sectioning > chapter @ level 2 : 0.5 -> 秦
structures      > end of sectionblock '本紀'
pages           > flushing realpage 25, userpage 25
structures      > begin of sectionblock '年表'
structures      > end of sectionblock '年表'
structures      > begin of sectionblock '書'
structures      > end of sectionblock '書'
structures      > begin of sectionblock '世家'
structures      > end of sectionblock '世家'
structures      > begin of sectionblock '列傳'
structures      > end of sectionblock '列傳'
close source    > 2 > 9 > /home/zhichu/project/Books/git/01-shiji/src/sample.mkiv
close source    > 1 > 9 > /opt/context/tex/texmf-context/tex/context/base/mkiv/cont-yes.mkiv

system          > structure > start used structure

used structure  > text: sample

system          > structure > stop used structure


system          > files > start used files

used file       >    1: filename=cont-yes.mkiv filetype=tex foundname=/opt/context/tex/texmf-context/tex/context/base/mkiv/cont-yes.mkiv usedmethod=otherwise
used file       >    2: filename=publ-imp-default.lua filetype=lua foundname=/opt/context/tex/texmf-context/tex/context/base/mkiv/publ-imp-default.lua usedmethod=otherwise
used file       >    3: filename=cont-new.mkiv filetype=tex foundname=/opt/context/tex/texmf-context/tex/context/base/mkiv/cont-new.mkiv usedmethod=otherwise
used file       >    4: filename=lang-us.lua filetype=lua foundname=/opt/context/tex/texmf-context/tex/context/patterns/mkiv/lang-us.lua usedmethod=otherwise
used file       >    5: filename=/home/zhichu/project/Books/git/01-shiji/src/sample.mkiv foundname=/home/zhichu/project/Books/git/01-shiji/src/sample.mkiv usedmethod=direct
used file       >    6: filename=p-guji.mkvi foundname=p-guji.mkvi usedmethod=direct
used file       >    7: filename=guji.lua format=tex foundname=guji.lua usedmethod=direct
used file       >    8: filename=texgyre.lfg filetype=tex foundname=/opt/context/tex/texmf-context/tex/context/fonts/mkiv/texgyre.lfg usedmethod=otherwise
used file       >    9: filename=texgyretermes-regular.otf filetype=otf format=otf foundname=/opt/context/tex/texmf/fonts/opentype/public/tex-gyre/texgyretermes-regular.otf usedmethod=database
used file       >   10: filename=AdobeSongStd-Light.otf filetype=otf format=otf foundname=/opt/context/tex/texmf-fonts/fonts/opentype/Adobe/AdobeSongStd-Light.otf usedmethod=database
used file       >   11: filename=texgyretermes-math.otf filetype=otf format=otf foundname=/opt/context/tex/texmf/fonts/opentype/public/tex-gyre-math/texgyretermes-math.otf usedmethod=database
used file       >   12: filename=metafun.mpiv filetype=mp foundname=/opt/context/tex/texmf-context/metapost/context/base/mpiv/metafun.mpiv usedmethod=database
used file       >   13: filename=mp-base.mpiv filetype=mp format=mp foundname=/opt/context/tex/texmf-context/metapost/context/base/mpiv/mp-base.mpiv usedmethod=database
used file       >   14: filename=mp-tool.mpiv filetype=mp format=mp foundname=/opt/context/tex/texmf-context/metapost/context/base/mpiv/mp-tool.mpiv usedmethod=database
used file       >   15: filename=mp-mlib.mpiv filetype=mp format=mp foundname=/opt/context/tex/texmf-context/metapost/context/base/mpiv/mp-mlib.mpiv usedmethod=database
used file       >   16: filename=mp-luas.mpiv filetype=mp format=mp foundname=/opt/context/tex/texmf-context/metapost/context/base/mpiv/mp-luas.mpiv usedmethod=database
used file       >   17: filename=mp-page.mpiv filetype=mp format=mp foundname=/opt/context/tex/texmf-context/metapost/context/base/mpiv/mp-page.mpiv usedmethod=database
used file       >   18: filename=mp-butt.mpiv filetype=mp format=mp foundname=/opt/context/tex/texmf-context/metapost/context/base/mpiv/mp-butt.mpiv usedmethod=database
used file       >   19: filename=mp-shap.mpiv filetype=mp format=mp foundname=/opt/context/tex/texmf-context/metapost/context/base/mpiv/mp-shap.mpiv usedmethod=database
used file       >   20: filename=mp-grph.mpiv filetype=mp format=mp foundname=/opt/context/tex/texmf-context/metapost/context/base/mpiv/mp-grph.mpiv usedmethod=database
used file       >   21: filename=mp-grid.mpiv filetype=mp format=mp foundname=/opt/context/tex/texmf-context/metapost/context/base/mpiv/mp-grid.mpiv usedmethod=database
used file       >   22: filename=mp-form.mpiv filetype=mp format=mp foundname=/opt/context/tex/texmf-context/metapost/context/base/mpiv/mp-form.mpiv usedmethod=database
used file       >   23: filename=mp-figs.mpiv filetype=mp format=mp foundname=/opt/context/tex/texmf-context/metapost/context/base/mpiv/mp-figs.mpiv usedmethod=database
used file       >   24: filename=mp-func.mpiv filetype=mp format=mp foundname=/opt/context/tex/texmf-context/metapost/context/base/mpiv/mp-func.mpiv usedmethod=database
used file       >   25: filename=texgyreheros-regular.otf filetype=otf format=otf foundname=/opt/context/tex/texmf/fonts/opentype/public/tex-gyre/texgyreheros-regular.otf usedmethod=database
used file       >   26: filename=AdobeFangsongStd-Regular.otf filetype=otf format=otf foundname=/opt/context/tex/texmf-fonts/fonts/opentype/Adobe/AdobeFangsongStd-Regular.otf usedmethod=database
used file       >   27: filename=mp-crop.mpiv filetype=mp format=mp foundname=/opt/context/tex/texmf-context/metapost/context/base/mpiv/mp-crop.mpiv usedmethod=database
used file       >   28: filename=dejavusansmono filetype=ttf format=ttf foundname=/opt/context/tex/texmf/fonts/truetype/public/dejavu/DejaVuSansMono.ttf usedmethod=database
used file       >   29: filename=lpdf-pdx.xml filetype=tex foundname=/opt/context/tex/texmf-context/tex/context/base/mkiv/lpdf-pdx.xml usedmethod=otherwise
used file       >   30: filename=Annals/Vol01/scroll000.tex foundname=Annals/Vol01/scroll000.tex usedmethod=direct
used file       >   31: filename=texgyrecursor-regular.otf filetype=otf format=otf foundname=/opt/context/tex/texmf/fonts/opentype/public/tex-gyre/texgyrecursor-regular.otf usedmethod=database
used file       >   32: filename=Annals/Vol01/scroll001.tex foundname=Annals/Vol01/scroll001.tex usedmethod=direct
used file       >   33: filename=Annals/Vol01/scroll002.tex foundname=Annals/Vol01/scroll002.tex usedmethod=direct
used file       >   34: filename=Annals/Vol01/scroll003.tex foundname=Annals/Vol01/scroll003.tex usedmethod=direct
used file       >   35: filename=Annals/Vol01/scroll004.tex foundname=Annals/Vol01/scroll004.tex usedmethod=direct

system          > files > stop used files


system          > options > start commandline options

used option     > currentrun="2"
used option     > engine="luajittex"
used option     > fulljobname="./sample.mkiv"
used option     > input="./sample.mkiv"
used option     > kindofrun="2"
used option     > maxnofruns="9"
used option     > no-parse-first-line="true"

system          > options > stop commandline options

system          > options > start commandline files

used file       >    1: ./sample.mkiv

system          > options > stop commandline files


mkiv lua stats  > used config file: selfautoparent:/texmf/web2c/texmfcnf.lua
mkiv lua stats  > used cache path: /opt/context/tex/texmf-cache/luatex-cache/context/5fe67e0bfe781ce0dde776fb1556f32e
mkiv lua stats  > resource resolver: loadtime 0.017 seconds, 0 scans with scantime 0.000 seconds, 0 shared scans, 35 found files, scanned paths: <none>
mkiv lua stats  > stored bytecode data: 385 modules (0.267 sec), 81 tables (0.010 sec), 466 chunks (0.278 sec)
mkiv lua stats  > traced context: maxstack: 1171, freed: 9, unreachable: 1162
mkiv lua stats  > cleaned up reserved nodes: 51 nodes, 10 lists of 448
mkiv lua stats  > node memory usage: 11 glue, 12 penalty, 1505 attribute, 802 glue_spec, 260 attribute_list, 2 temp
mkiv lua stats  > node list callback tasks: 6 unique task lists, 5 instances (re)created, 7292 calls
mkiv lua stats  > h-node processing time: 0.050 seconds including kernel
mkiv lua stats  > attribute processing time: 0.021 seconds front- and backend
mkiv lua stats  > used backend: pdf (backend for directly generating pdf output)
mkiv lua stats  > jobdata time: 0.002 seconds saving, 0.002 seconds loading
mkiv lua stats  > callbacks: 12049 direct, 2634 indirect, 14683 total
mkiv lua stats  > randomizer: resumed with value 0.92357483730714
mkiv lua stats  > v-node processing time: 0.036 seconds 
mkiv lua stats  > loaded tex modules: 1 requested, all found (p-guji)
mkiv lua stats  > loaded patterns: en::2, load time: 0.000
mkiv lua stats  > result saved in file: sample.pdf, compresslevel 0, objectcompresslevel 0
mkiv lua stats  > loaded fonts: 7 files: adobefangsongstd-regular.otf, adobesongstd-light.otf, texgyretermes-math.otf, texgyrecursor-regular.otf, texgyreheros-regular.otf, texgyretermes-regular.otf, dejavusansmono.ttf
mkiv lua stats  > font engine: otf 3.015, afm 1.500, tfm 1.000, 12 instances, 3 shared in backend, 1 common vectors, 2 common hashes, load time 2.092 seconds 
mkiv lua stats  > metapost processing time: 0.172 seconds, loading: 0.028, execution: 0.150, n: 53, average: 0.007, instances: 1, memory: 2.350 M
mkiv lua stats  > used platform: linux-64, type: unix, binary subtree: texmf-linux-64
mkiv lua stats  > luatex banner: this is luajittex, version beta-0.89.4 (tex live 2016/dev)
mkiv lua stats  > control sequences: 44482 of 65536 + 100000
mkiv lua stats  > lua properties: engine: luajit, used memory: 166 MB (ctx: 0 MB), hash type: lua51, hash chars: min(64,40), symbol mask: utf (τεχ)
mkiv lua stats  > runtime: 3.863 seconds, 25 processed pages, 25 shipped pages, 6.472 pages/second

